<?xml version="1.0" encoding="UTF-8" ?>
<testsuite tests="21" failures="0" name="cleaning_company.AcceptanceTest" time="0.455" errors="21" skipped="0">
  <properties>
[...]
</properties>
  <testcase classname="CreateOrderF2" name="NewOrder Check #1" time="0.249">
    <error message="The step &apos;the customeropen open add order frame&apos; and 2 other step(s) are undefined.
You can implement these steps using the snippet(s) below:

@Given(&quot;the customeropen open add order frame&quot;)
public void theCustomeropenOpenAddOrderFrame() {
    // Write code here that turns the phrase above into concrete actions
    throw new io.cucumber.java.PendingException();
}
@When(&quot;customer enter {int} and {string} and {string} and {int} and {string}&quot;)
public void customerEnterAndAndAndAnd(Integer int1, String string, String string2, Integer int2, String string3) {
    // Write code here that turns the phrase above into concrete actions
    throw new io.cucumber.java.PendingException();
}
@Then(&quot;new Order result will be {string} empty result mean order created successfully&quot;)
public void newOrderResultWillBeEmptyResultMeanOrderCreatedSuccessfully(String string) {
    // Write code here that turns the phrase above into concrete actions
    throw new io.cucumber.java.PendingException();
}
" type="io.cucumber.junit.UndefinedStepException">io.cucumber.junit.UndefinedStepException: The step &apos;the customeropen open add order frame&apos; and 2 other step(s) are undefined.
You can implement these steps using the snippet(s) below:

@Given(&quot;the customeropen open add order frame&quot;)
public void theCustomeropenOpenAddOrderFrame() {
    // Write code here that turns the phrase above into concrete actions
    throw new io.cucumber.java.PendingException();
}
@When(&quot;customer enter {int} and {string} and {string} and {int} and {string}&quot;)
public void customerEnterAndAndAndAnd(Integer int1, String string, String string2, Integer int2, String string3) {
    // Write code here that turns the phrase above into concrete actions
    throw new io.cucumber.java.PendingException();
}
@Then(&quot;new Order result will be {string} empty result mean order created successfully&quot;)
public void newOrderResultWillBeEmptyResultMeanOrderCreatedSuccessfully(String string) {
    // Write code here that turns the phrase above into concrete actions
    throw new io.cucumber.java.PendingException();
}

</error>
  </testcase>
  <testcase classname="CreateOrderF2" name="NewOrder Check #2" time="0.011">
    <error message="The step &apos;the customeropen open add order frame&apos; and 2 other step(s) are undefined.
You can implement these steps using the snippet(s) below:

@Given(&quot;the customeropen open add order frame&quot;)
public void theCustomeropenOpenAddOrderFrame() {
    // Write code here that turns the phrase above into concrete actions
    throw new io.cucumber.java.PendingException();
}
@When(&quot;customer enter {int} and {string} and {string} and {int} and {string}&quot;)
public void customerEnterAndAndAndAnd(Integer int1, String string, String string2, Integer int2, String string3) {
    // Write code here that turns the phrase above into concrete actions
    throw new io.cucumber.java.PendingException();
}
@Then(&quot;new Order result will be {string} empty result mean order created successfully&quot;)
public void newOrderResultWillBeEmptyResultMeanOrderCreatedSuccessfully(String string) {
    // Write code here that turns the phrase above into concrete actions
    throw new io.cucumber.java.PendingException();
}
" type="io.cucumber.junit.UndefinedStepException">io.cucumber.junit.UndefinedStepException: The step &apos;the customeropen open add order frame&apos; and 2 other step(s) are undefined.
You can implement these steps using the snippet(s) below:

@Given(&quot;the customeropen open add order frame&quot;)
public void theCustomeropenOpenAddOrderFrame() {
    // Write code here that turns the phrase above into concrete actions
    throw new io.cucumber.java.PendingException();
}
@When(&quot;customer enter {int} and {string} and {string} and {int} and {string}&quot;)
public void customerEnterAndAndAndAnd(Integer int1, String string, String string2, Integer int2, String string3) {
    // Write code here that turns the phrase above into concrete actions
    throw new io.cucumber.java.PendingException();
}
@Then(&quot;new Order result will be {string} empty result mean order created successfully&quot;)
public void newOrderResultWillBeEmptyResultMeanOrderCreatedSuccessfully(String string) {
    // Write code here that turns the phrase above into concrete actions
    throw new io.cucumber.java.PendingException();
}

</error>
  </testcase>
  <testcase classname="CreateOrderF2" name="NewOrder Check #3" time="0.012">
    <error message="The step &apos;the customeropen open add order frame&apos; and 2 other step(s) are undefined.
You can implement these steps using the snippet(s) below:

@Given(&quot;the customeropen open add order frame&quot;)
public void theCustomeropenOpenAddOrderFrame() {
    // Write code here that turns the phrase above into concrete actions
    throw new io.cucumber.java.PendingException();
}
@When(&quot;customer enter {int} and {string} and {string} and {int} and {string}&quot;)
public void customerEnterAndAndAndAnd(Integer int1, String string, String string2, Integer int2, String string3) {
    // Write code here that turns the phrase above into concrete actions
    throw new io.cucumber.java.PendingException();
}
@Then(&quot;new Order result will be {string} empty result mean order created successfully&quot;)
public void newOrderResultWillBeEmptyResultMeanOrderCreatedSuccessfully(String string) {
    // Write code here that turns the phrase above into concrete actions
    throw new io.cucumber.java.PendingException();
}
" type="io.cucumber.junit.UndefinedStepException">io.cucumber.junit.UndefinedStepException: The step &apos;the customeropen open add order frame&apos; and 2 other step(s) are undefined.
You can implement these steps using the snippet(s) below:

@Given(&quot;the customeropen open add order frame&quot;)
public void theCustomeropenOpenAddOrderFrame() {
    // Write code here that turns the phrase above into concrete actions
    throw new io.cucumber.java.PendingException();
}
@When(&quot;customer enter {int} and {string} and {string} and {int} and {string}&quot;)
public void customerEnterAndAndAndAnd(Integer int1, String string, String string2, Integer int2, String string3) {
    // Write code here that turns the phrase above into concrete actions
    throw new io.cucumber.java.PendingException();
}
@Then(&quot;new Order result will be {string} empty result mean order created successfully&quot;)
public void newOrderResultWillBeEmptyResultMeanOrderCreatedSuccessfully(String string) {
    // Write code here that turns the phrase above into concrete actions
    throw new io.cucumber.java.PendingException();
}

</error>
  </testcase>
  <testcase classname="invoice" name="create invoice #1" time="0.013">
    <error message="The step &apos;customer create order and the admin open create invoice frame for created order&apos; and 2 other step(s) are undefined.
You can implement these steps using the snippet(s) below:

@Given(&quot;customer create order and the admin open create invoice frame for created order&quot;)
public void customerCreateOrderAndTheAdminOpenCreateInvoiceFrameForCreatedOrder() {
    // Write code here that turns the phrase above into concrete actions
    throw new io.cucumber.java.PendingException();
}
@When(&quot;admin enter {int} and {int}&quot;)
public void adminEnterAnd(Integer int1, Integer int2) {
    // Write code here that turns the phrase above into concrete actions
    throw new io.cucumber.java.PendingException();
}
@Then(&quot;the invoice total amount will be {int}&quot;)
public void theInvoiceTotalAmountWillBe(Integer int1) {
    // Write code here that turns the phrase above into concrete actions
    throw new io.cucumber.java.PendingException();
}
" type="io.cucumber.junit.UndefinedStepException">io.cucumber.junit.UndefinedStepException: The step &apos;customer create order and the admin open create invoice frame for created order&apos; and 2 other step(s) are undefined.
You can implement these steps using the snippet(s) below:

@Given(&quot;customer create order and the admin open create invoice frame for created order&quot;)
public void customerCreateOrderAndTheAdminOpenCreateInvoiceFrameForCreatedOrder() {
    // Write code here that turns the phrase above into concrete actions
    throw new io.cucumber.java.PendingException();
}
@When(&quot;admin enter {int} and {int}&quot;)
public void adminEnterAnd(Integer int1, Integer int2) {
    // Write code here that turns the phrase above into concrete actions
    throw new io.cucumber.java.PendingException();
}
@Then(&quot;the invoice total amount will be {int}&quot;)
public void theInvoiceTotalAmountWillBe(Integer int1) {
    // Write code here that turns the phrase above into concrete actions
    throw new io.cucumber.java.PendingException();
}

</error>
  </testcase>
  <testcase classname="invoice" name="create invoice #2" time="0.012">
    <error message="The step &apos;customer create order and the admin open create invoice frame for created order&apos; and 2 other step(s) are undefined.
You can implement these steps using the snippet(s) below:

@Given(&quot;customer create order and the admin open create invoice frame for created order&quot;)
public void customerCreateOrderAndTheAdminOpenCreateInvoiceFrameForCreatedOrder() {
    // Write code here that turns the phrase above into concrete actions
    throw new io.cucumber.java.PendingException();
}
@When(&quot;admin enter {int} and {int}&quot;)
public void adminEnterAnd(Integer int1, Integer int2) {
    // Write code here that turns the phrase above into concrete actions
    throw new io.cucumber.java.PendingException();
}
@Then(&quot;the invoice total amount will be {int}&quot;)
public void theInvoiceTotalAmountWillBe(Integer int1) {
    // Write code here that turns the phrase above into concrete actions
    throw new io.cucumber.java.PendingException();
}
" type="io.cucumber.junit.UndefinedStepException">io.cucumber.junit.UndefinedStepException: The step &apos;customer create order and the admin open create invoice frame for created order&apos; and 2 other step(s) are undefined.
You can implement these steps using the snippet(s) below:

@Given(&quot;customer create order and the admin open create invoice frame for created order&quot;)
public void customerCreateOrderAndTheAdminOpenCreateInvoiceFrameForCreatedOrder() {
    // Write code here that turns the phrase above into concrete actions
    throw new io.cucumber.java.PendingException();
}
@When(&quot;admin enter {int} and {int}&quot;)
public void adminEnterAnd(Integer int1, Integer int2) {
    // Write code here that turns the phrase above into concrete actions
    throw new io.cucumber.java.PendingException();
}
@Then(&quot;the invoice total amount will be {int}&quot;)
public void theInvoiceTotalAmountWillBe(Integer int1) {
    // Write code here that turns the phrase above into concrete actions
    throw new io.cucumber.java.PendingException();
}

</error>
  </testcase>
  <testcase classname="invoice" name="create invoice #3" time="0.009">
    <error message="The step &apos;customer create order and the admin open create invoice frame for created order&apos; and 2 other step(s) are undefined.
You can implement these steps using the snippet(s) below:

@Given(&quot;customer create order and the admin open create invoice frame for created order&quot;)
public void customerCreateOrderAndTheAdminOpenCreateInvoiceFrameForCreatedOrder() {
    // Write code here that turns the phrase above into concrete actions
    throw new io.cucumber.java.PendingException();
}
@When(&quot;admin enter {int} and {int}&quot;)
public void adminEnterAnd(Integer int1, Integer int2) {
    // Write code here that turns the phrase above into concrete actions
    throw new io.cucumber.java.PendingException();
}
@Then(&quot;the invoice total amount will be {int}&quot;)
public void theInvoiceTotalAmountWillBe(Integer int1) {
    // Write code here that turns the phrase above into concrete actions
    throw new io.cucumber.java.PendingException();
}
" type="io.cucumber.junit.UndefinedStepException">io.cucumber.junit.UndefinedStepException: The step &apos;customer create order and the admin open create invoice frame for created order&apos; and 2 other step(s) are undefined.
You can implement these steps using the snippet(s) below:

@Given(&quot;customer create order and the admin open create invoice frame for created order&quot;)
public void customerCreateOrderAndTheAdminOpenCreateInvoiceFrameForCreatedOrder() {
    // Write code here that turns the phrase above into concrete actions
    throw new io.cucumber.java.PendingException();
}
@When(&quot;admin enter {int} and {int}&quot;)
public void adminEnterAnd(Integer int1, Integer int2) {
    // Write code here that turns the phrase above into concrete actions
    throw new io.cucumber.java.PendingException();
}
@Then(&quot;the invoice total amount will be {int}&quot;)
public void theInvoiceTotalAmountWillBe(Integer int1) {
    // Write code here that turns the phrase above into concrete actions
    throw new io.cucumber.java.PendingException();
}

</error>
  </testcase>
  <testcase classname="SignUp f1" name="SignUp Check #1" time="0.013">
    <error message="The step &apos;the applicatioen open on SignUp frame&apos; and 2 other step(s) are undefined.
You can implement these steps using the snippet(s) below:

@Given(&quot;the applicatioen open on SignUp frame&quot;)
public void theApplicatioenOpenOnSignUpFrame() {
    // Write code here that turns the phrase above into concrete actions
    throw new io.cucumber.java.PendingException();
}
@When(&quot;user enter {string} and {string} and {string} and {string} and {string}&quot;)
public void userEnterAndAndAndAnd(String string, String string2, String string3, String string4, String string5) {
    // Write code here that turns the phrase above into concrete actions
    throw new io.cucumber.java.PendingException();
}
@Then(&quot;SignUp result will be {string} empty result mean customer created successfully&quot;)
public void signUpResultWillBeEmptyResultMeanCustomerCreatedSuccessfully(String string) {
    // Write code here that turns the phrase above into concrete actions
    throw new io.cucumber.java.PendingException();
}
" type="io.cucumber.junit.UndefinedStepException">io.cucumber.junit.UndefinedStepException: The step &apos;the applicatioen open on SignUp frame&apos; and 2 other step(s) are undefined.
You can implement these steps using the snippet(s) below:

@Given(&quot;the applicatioen open on SignUp frame&quot;)
public void theApplicatioenOpenOnSignUpFrame() {
    // Write code here that turns the phrase above into concrete actions
    throw new io.cucumber.java.PendingException();
}
@When(&quot;user enter {string} and {string} and {string} and {string} and {string}&quot;)
public void userEnterAndAndAndAnd(String string, String string2, String string3, String string4, String string5) {
    // Write code here that turns the phrase above into concrete actions
    throw new io.cucumber.java.PendingException();
}
@Then(&quot;SignUp result will be {string} empty result mean customer created successfully&quot;)
public void signUpResultWillBeEmptyResultMeanCustomerCreatedSuccessfully(String string) {
    // Write code here that turns the phrase above into concrete actions
    throw new io.cucumber.java.PendingException();
}

</error>
  </testcase>
  <testcase classname="SignUp f1" name="SignUp Check #2" time="0.014">
    <error message="The step &apos;the applicatioen open on SignUp frame&apos; and 2 other step(s) are undefined.
You can implement these steps using the snippet(s) below:

@Given(&quot;the applicatioen open on SignUp frame&quot;)
public void theApplicatioenOpenOnSignUpFrame() {
    // Write code here that turns the phrase above into concrete actions
    throw new io.cucumber.java.PendingException();
}
@When(&quot;user enter {string} and {string} and {string} and {string} and {string}&quot;)
public void userEnterAndAndAndAnd(String string, String string2, String string3, String string4, String string5) {
    // Write code here that turns the phrase above into concrete actions
    throw new io.cucumber.java.PendingException();
}
@Then(&quot;SignUp result will be {string} empty result mean customer created successfully&quot;)
public void signUpResultWillBeEmptyResultMeanCustomerCreatedSuccessfully(String string) {
    // Write code here that turns the phrase above into concrete actions
    throw new io.cucumber.java.PendingException();
}
" type="io.cucumber.junit.UndefinedStepException">io.cucumber.junit.UndefinedStepException: The step &apos;the applicatioen open on SignUp frame&apos; and 2 other step(s) are undefined.
You can implement these steps using the snippet(s) below:

@Given(&quot;the applicatioen open on SignUp frame&quot;)
public void theApplicatioenOpenOnSignUpFrame() {
    // Write code here that turns the phrase above into concrete actions
    throw new io.cucumber.java.PendingException();
}
@When(&quot;user enter {string} and {string} and {string} and {string} and {string}&quot;)
public void userEnterAndAndAndAnd(String string, String string2, String string3, String string4, String string5) {
    // Write code here that turns the phrase above into concrete actions
    throw new io.cucumber.java.PendingException();
}
@Then(&quot;SignUp result will be {string} empty result mean customer created successfully&quot;)
public void signUpResultWillBeEmptyResultMeanCustomerCreatedSuccessfully(String string) {
    // Write code here that turns the phrase above into concrete actions
    throw new io.cucumber.java.PendingException();
}

</error>
  </testcase>
  <testcase classname="SignUp f1" name="SignUp Check #3" time="0.012">
    <error message="The step &apos;the applicatioen open on SignUp frame&apos; and 2 other step(s) are undefined.
You can implement these steps using the snippet(s) below:

@Given(&quot;the applicatioen open on SignUp frame&quot;)
public void theApplicatioenOpenOnSignUpFrame() {
    // Write code here that turns the phrase above into concrete actions
    throw new io.cucumber.java.PendingException();
}
@When(&quot;user enter {string} and {string} and {string} and {string} and {string}&quot;)
public void userEnterAndAndAndAnd(String string, String string2, String string3, String string4, String string5) {
    // Write code here that turns the phrase above into concrete actions
    throw new io.cucumber.java.PendingException();
}
@Then(&quot;SignUp result will be {string} empty result mean customer created successfully&quot;)
public void signUpResultWillBeEmptyResultMeanCustomerCreatedSuccessfully(String string) {
    // Write code here that turns the phrase above into concrete actions
    throw new io.cucumber.java.PendingException();
}
" type="io.cucumber.junit.UndefinedStepException">io.cucumber.junit.UndefinedStepException: The step &apos;the applicatioen open on SignUp frame&apos; and 2 other step(s) are undefined.
You can implement these steps using the snippet(s) below:

@Given(&quot;the applicatioen open on SignUp frame&quot;)
public void theApplicatioenOpenOnSignUpFrame() {
    // Write code here that turns the phrase above into concrete actions
    throw new io.cucumber.java.PendingException();
}
@When(&quot;user enter {string} and {string} and {string} and {string} and {string}&quot;)
public void userEnterAndAndAndAnd(String string, String string2, String string3, String string4, String string5) {
    // Write code here that turns the phrase above into concrete actions
    throw new io.cucumber.java.PendingException();
}
@Then(&quot;SignUp result will be {string} empty result mean customer created successfully&quot;)
public void signUpResultWillBeEmptyResultMeanCustomerCreatedSuccessfully(String string) {
    // Write code here that turns the phrase above into concrete actions
    throw new io.cucumber.java.PendingException();
}

</error>
  </testcase>
  <testcase classname="SignUp f1" name="SignUp Check #4" time="0.012">
    <error message="The step &apos;the applicatioen open on SignUp frame&apos; and 2 other step(s) are undefined.
You can implement these steps using the snippet(s) below:

@Given(&quot;the applicatioen open on SignUp frame&quot;)
public void theApplicatioenOpenOnSignUpFrame() {
    // Write code here that turns the phrase above into concrete actions
    throw new io.cucumber.java.PendingException();
}
@When(&quot;user enter {string} and {string} and {string} and {string} and {string}&quot;)
public void userEnterAndAndAndAnd(String string, String string2, String string3, String string4, String string5) {
    // Write code here that turns the phrase above into concrete actions
    throw new io.cucumber.java.PendingException();
}
@Then(&quot;SignUp result will be {string} empty result mean customer created successfully&quot;)
public void signUpResultWillBeEmptyResultMeanCustomerCreatedSuccessfully(String string) {
    // Write code here that turns the phrase above into concrete actions
    throw new io.cucumber.java.PendingException();
}
" type="io.cucumber.junit.UndefinedStepException">io.cucumber.junit.UndefinedStepException: The step &apos;the applicatioen open on SignUp frame&apos; and 2 other step(s) are undefined.
You can implement these steps using the snippet(s) below:

@Given(&quot;the applicatioen open on SignUp frame&quot;)
public void theApplicatioenOpenOnSignUpFrame() {
    // Write code here that turns the phrase above into concrete actions
    throw new io.cucumber.java.PendingException();
}
@When(&quot;user enter {string} and {string} and {string} and {string} and {string}&quot;)
public void userEnterAndAndAndAnd(String string, String string2, String string3, String string4, String string5) {
    // Write code here that turns the phrase above into concrete actions
    throw new io.cucumber.java.PendingException();
}
@Then(&quot;SignUp result will be {string} empty result mean customer created successfully&quot;)
public void signUpResultWillBeEmptyResultMeanCustomerCreatedSuccessfully(String string) {
    // Write code here that turns the phrase above into concrete actions
    throw new io.cucumber.java.PendingException();
}

</error>
  </testcase>
  <testcase classname="Title of your feature" name="Title of your scenario" time="0.016">
    <error message="The step &apos;I want to write a step with precondition&apos; and 6 other step(s) are undefined.
You can implement these steps using the snippet(s) below:

@Given(&quot;I want to write a step with precondition&quot;)
public void iWantToWriteAStepWithPrecondition() {
    // Write code here that turns the phrase above into concrete actions
    throw new io.cucumber.java.PendingException();
}
@Given(&quot;some other precondition&quot;)
public void someOtherPrecondition() {
    // Write code here that turns the phrase above into concrete actions
    throw new io.cucumber.java.PendingException();
}
@When(&quot;I complete action&quot;)
public void iCompleteAction() {
    // Write code here that turns the phrase above into concrete actions
    throw new io.cucumber.java.PendingException();
}
@When(&quot;some other action&quot;)
public void someOtherAction() {
    // Write code here that turns the phrase above into concrete actions
    throw new io.cucumber.java.PendingException();
}
@When(&quot;yet another action&quot;)
public void yetAnotherAction() {
    // Write code here that turns the phrase above into concrete actions
    throw new io.cucumber.java.PendingException();
}
@Then(&quot;I validate the outcomes&quot;)
public void iValidateTheOutcomes() {
    // Write code here that turns the phrase above into concrete actions
    throw new io.cucumber.java.PendingException();
}
@Then(&quot;check more outcomes&quot;)
public void checkMoreOutcomes() {
    // Write code here that turns the phrase above into concrete actions
    throw new io.cucumber.java.PendingException();
}
" type="io.cucumber.junit.UndefinedStepException">io.cucumber.junit.UndefinedStepException: The step &apos;I want to write a step with precondition&apos; and 6 other step(s) are undefined.
You can implement these steps using the snippet(s) below:

@Given(&quot;I want to write a step with precondition&quot;)
public void iWantToWriteAStepWithPrecondition() {
    // Write code here that turns the phrase above into concrete actions
    throw new io.cucumber.java.PendingException();
}
@Given(&quot;some other precondition&quot;)
public void someOtherPrecondition() {
    // Write code here that turns the phrase above into concrete actions
    throw new io.cucumber.java.PendingException();
}
@When(&quot;I complete action&quot;)
public void iCompleteAction() {
    // Write code here that turns the phrase above into concrete actions
    throw new io.cucumber.java.PendingException();
}
@When(&quot;some other action&quot;)
public void someOtherAction() {
    // Write code here that turns the phrase above into concrete actions
    throw new io.cucumber.java.PendingException();
}
@When(&quot;yet another action&quot;)
public void yetAnotherAction() {
    // Write code here that turns the phrase above into concrete actions
    throw new io.cucumber.java.PendingException();
}
@Then(&quot;I validate the outcomes&quot;)
public void iValidateTheOutcomes() {
    // Write code here that turns the phrase above into concrete actions
    throw new io.cucumber.java.PendingException();
}
@Then(&quot;check more outcomes&quot;)
public void checkMoreOutcomes() {
    // Write code here that turns the phrase above into concrete actions
    throw new io.cucumber.java.PendingException();
}

</error>
  </testcase>
  <testcase classname="Title of your feature" name="Title of your scenario outline #1" time="0.006">
    <error message="The step &apos;I want to write a step with name1&apos; and 2 other step(s) are undefined.
You can implement these steps using the snippet(s) below:

@Given(&quot;I want to write a step with name1&quot;)
public void iWantToWriteAStepWithName1() {
    // Write code here that turns the phrase above into concrete actions
    throw new io.cucumber.java.PendingException();
}
@When(&quot;I check for the {int} in step&quot;)
public void iCheckForTheInStep(Integer int1) {
    // Write code here that turns the phrase above into concrete actions
    throw new io.cucumber.java.PendingException();
}
@Then(&quot;I verify the success in step&quot;)
public void iVerifyTheSuccessInStep() {
    // Write code here that turns the phrase above into concrete actions
    throw new io.cucumber.java.PendingException();
}
" type="io.cucumber.junit.UndefinedStepException">io.cucumber.junit.UndefinedStepException: The step &apos;I want to write a step with name1&apos; and 2 other step(s) are undefined.
You can implement these steps using the snippet(s) below:

@Given(&quot;I want to write a step with name1&quot;)
public void iWantToWriteAStepWithName1() {
    // Write code here that turns the phrase above into concrete actions
    throw new io.cucumber.java.PendingException();
}
@When(&quot;I check for the {int} in step&quot;)
public void iCheckForTheInStep(Integer int1) {
    // Write code here that turns the phrase above into concrete actions
    throw new io.cucumber.java.PendingException();
}
@Then(&quot;I verify the success in step&quot;)
public void iVerifyTheSuccessInStep() {
    // Write code here that turns the phrase above into concrete actions
    throw new io.cucumber.java.PendingException();
}

</error>
  </testcase>
  <testcase classname="Title of your feature" name="Title of your scenario outline #2" time="0.007">
    <error message="The step &apos;I want to write a step with name2&apos; and 2 other step(s) are undefined.
You can implement these steps using the snippet(s) below:

@Given(&quot;I want to write a step with name2&quot;)
public void iWantToWriteAStepWithName2() {
    // Write code here that turns the phrase above into concrete actions
    throw new io.cucumber.java.PendingException();
}
@When(&quot;I check for the {int} in step&quot;)
public void iCheckForTheInStep(Integer int1) {
    // Write code here that turns the phrase above into concrete actions
    throw new io.cucumber.java.PendingException();
}
@Then(&quot;I verify the Fail in step&quot;)
public void iVerifyTheFailInStep() {
    // Write code here that turns the phrase above into concrete actions
    throw new io.cucumber.java.PendingException();
}
" type="io.cucumber.junit.UndefinedStepException">io.cucumber.junit.UndefinedStepException: The step &apos;I want to write a step with name2&apos; and 2 other step(s) are undefined.
You can implement these steps using the snippet(s) below:

@Given(&quot;I want to write a step with name2&quot;)
public void iWantToWriteAStepWithName2() {
    // Write code here that turns the phrase above into concrete actions
    throw new io.cucumber.java.PendingException();
}
@When(&quot;I check for the {int} in step&quot;)
public void iCheckForTheInStep(Integer int1) {
    // Write code here that turns the phrase above into concrete actions
    throw new io.cucumber.java.PendingException();
}
@Then(&quot;I verify the Fail in step&quot;)
public void iVerifyTheFailInStep() {
    // Write code here that turns the phrase above into concrete actions
    throw new io.cucumber.java.PendingException();
}

</error>
  </testcase>
  <testcase classname="Login" name="Login Check #1" time="0.007">
    <error message="The step &apos;the applicatioen open on Login frame&apos; and 2 other step(s) are undefined.
You can implement these steps using the snippet(s) below:

@Given(&quot;the applicatioen open on Login frame&quot;)
public void theApplicatioenOpenOnLoginFrame() {
    // Write code here that turns the phrase above into concrete actions
    throw new io.cucumber.java.PendingException();
}
@When(&quot;user enter {string} and {string}&quot;)
public void userEnterAnd(String string, String string2) {
    // Write code here that turns the phrase above into concrete actions
    throw new io.cucumber.java.PendingException();
}
@Then(&quot;user should login as {string}&quot;)
public void userShouldLoginAs(String string) {
    // Write code here that turns the phrase above into concrete actions
    throw new io.cucumber.java.PendingException();
}
" type="io.cucumber.junit.UndefinedStepException">io.cucumber.junit.UndefinedStepException: The step &apos;the applicatioen open on Login frame&apos; and 2 other step(s) are undefined.
You can implement these steps using the snippet(s) below:

@Given(&quot;the applicatioen open on Login frame&quot;)
public void theApplicatioenOpenOnLoginFrame() {
    // Write code here that turns the phrase above into concrete actions
    throw new io.cucumber.java.PendingException();
}
@When(&quot;user enter {string} and {string}&quot;)
public void userEnterAnd(String string, String string2) {
    // Write code here that turns the phrase above into concrete actions
    throw new io.cucumber.java.PendingException();
}
@Then(&quot;user should login as {string}&quot;)
public void userShouldLoginAs(String string) {
    // Write code here that turns the phrase above into concrete actions
    throw new io.cucumber.java.PendingException();
}

</error>
  </testcase>
  <testcase classname="Login" name="Login Check #2" time="0.007">
    <error message="The step &apos;the applicatioen open on Login frame&apos; and 2 other step(s) are undefined.
You can implement these steps using the snippet(s) below:

@Given(&quot;the applicatioen open on Login frame&quot;)
public void theApplicatioenOpenOnLoginFrame() {
    // Write code here that turns the phrase above into concrete actions
    throw new io.cucumber.java.PendingException();
}
@When(&quot;user enter {string} and {string}&quot;)
public void userEnterAnd(String string, String string2) {
    // Write code here that turns the phrase above into concrete actions
    throw new io.cucumber.java.PendingException();
}
@Then(&quot;user should login as {string}&quot;)
public void userShouldLoginAs(String string) {
    // Write code here that turns the phrase above into concrete actions
    throw new io.cucumber.java.PendingException();
}
" type="io.cucumber.junit.UndefinedStepException">io.cucumber.junit.UndefinedStepException: The step &apos;the applicatioen open on Login frame&apos; and 2 other step(s) are undefined.
You can implement these steps using the snippet(s) below:

@Given(&quot;the applicatioen open on Login frame&quot;)
public void theApplicatioenOpenOnLoginFrame() {
    // Write code here that turns the phrase above into concrete actions
    throw new io.cucumber.java.PendingException();
}
@When(&quot;user enter {string} and {string}&quot;)
public void userEnterAnd(String string, String string2) {
    // Write code here that turns the phrase above into concrete actions
    throw new io.cucumber.java.PendingException();
}
@Then(&quot;user should login as {string}&quot;)
public void userShouldLoginAs(String string) {
    // Write code here that turns the phrase above into concrete actions
    throw new io.cucumber.java.PendingException();
}

</error>
  </testcase>
  <testcase classname="Login" name="Login Check #3" time="0.006">
    <error message="The step &apos;the applicatioen open on Login frame&apos; and 2 other step(s) are undefined.
You can implement these steps using the snippet(s) below:

@Given(&quot;the applicatioen open on Login frame&quot;)
public void theApplicatioenOpenOnLoginFrame() {
    // Write code here that turns the phrase above into concrete actions
    throw new io.cucumber.java.PendingException();
}
@When(&quot;user enter {string} and {string}&quot;)
public void userEnterAnd(String string, String string2) {
    // Write code here that turns the phrase above into concrete actions
    throw new io.cucumber.java.PendingException();
}
@Then(&quot;user should login as {string}&quot;)
public void userShouldLoginAs(String string) {
    // Write code here that turns the phrase above into concrete actions
    throw new io.cucumber.java.PendingException();
}
" type="io.cucumber.junit.UndefinedStepException">io.cucumber.junit.UndefinedStepException: The step &apos;the applicatioen open on Login frame&apos; and 2 other step(s) are undefined.
You can implement these steps using the snippet(s) below:

@Given(&quot;the applicatioen open on Login frame&quot;)
public void theApplicatioenOpenOnLoginFrame() {
    // Write code here that turns the phrase above into concrete actions
    throw new io.cucumber.java.PendingException();
}
@When(&quot;user enter {string} and {string}&quot;)
public void userEnterAnd(String string, String string2) {
    // Write code here that turns the phrase above into concrete actions
    throw new io.cucumber.java.PendingException();
}
@Then(&quot;user should login as {string}&quot;)
public void userShouldLoginAs(String string) {
    // Write code here that turns the phrase above into concrete actions
    throw new io.cucumber.java.PendingException();
}

</error>
  </testcase>
  <testcase classname="Login" name="Login Check #4" time="0.009">
    <error message="The step &apos;the applicatioen open on Login frame&apos; and 2 other step(s) are undefined.
You can implement these steps using the snippet(s) below:

@Given(&quot;the applicatioen open on Login frame&quot;)
public void theApplicatioenOpenOnLoginFrame() {
    // Write code here that turns the phrase above into concrete actions
    throw new io.cucumber.java.PendingException();
}
@When(&quot;user enter {string} and {string}&quot;)
public void userEnterAnd(String string, String string2) {
    // Write code here that turns the phrase above into concrete actions
    throw new io.cucumber.java.PendingException();
}
@Then(&quot;user should login as {string}&quot;)
public void userShouldLoginAs(String string) {
    // Write code here that turns the phrase above into concrete actions
    throw new io.cucumber.java.PendingException();
}
" type="io.cucumber.junit.UndefinedStepException">io.cucumber.junit.UndefinedStepException: The step &apos;the applicatioen open on Login frame&apos; and 2 other step(s) are undefined.
You can implement these steps using the snippet(s) below:

@Given(&quot;the applicatioen open on Login frame&quot;)
public void theApplicatioenOpenOnLoginFrame() {
    // Write code here that turns the phrase above into concrete actions
    throw new io.cucumber.java.PendingException();
}
@When(&quot;user enter {string} and {string}&quot;)
public void userEnterAnd(String string, String string2) {
    // Write code here that turns the phrase above into concrete actions
    throw new io.cucumber.java.PendingException();
}
@Then(&quot;user should login as {string}&quot;)
public void userShouldLoginAs(String string) {
    // Write code here that turns the phrase above into concrete actions
    throw new io.cucumber.java.PendingException();
}

</error>
  </testcase>
  <testcase classname="Order" name="Customer Create Order #1" time="0.01">
    <error message="The step &apos;customer create order&apos; and 3 other step(s) are undefined.
You can implement these steps using the snippet(s) below:

@Given(&quot;customer create order&quot;)
public void customerCreateOrder() {
    // Write code here that turns the phrase above into concrete actions
    throw new io.cucumber.java.PendingException();
}
@When(&quot;customer add   products list with {string} {string} {string} and {string}&quot;)
public void customerAddProductsListWithAnd(String string, String string2, String string3, String string4) {
    // Write code here that turns the phrase above into concrete actions
    throw new io.cucumber.java.PendingException();
}
@Then(&quot;order status should be waiting&quot;)
public void orderStatusShouldBeWaiting() {
    // Write code here that turns the phrase above into concrete actions
    throw new io.cucumber.java.PendingException();
}
@Then(&quot;order product details should be as {string} {string} {string} and {string}&quot;)
public void orderProductDetailsShouldBeAsAnd(String string, String string2, String string3, String string4) {
    // Write code here that turns the phrase above into concrete actions
    throw new io.cucumber.java.PendingException();
}
" type="io.cucumber.junit.UndefinedStepException">io.cucumber.junit.UndefinedStepException: The step &apos;customer create order&apos; and 3 other step(s) are undefined.
You can implement these steps using the snippet(s) below:

@Given(&quot;customer create order&quot;)
public void customerCreateOrder() {
    // Write code here that turns the phrase above into concrete actions
    throw new io.cucumber.java.PendingException();
}
@When(&quot;customer add   products list with {string} {string} {string} and {string}&quot;)
public void customerAddProductsListWithAnd(String string, String string2, String string3, String string4) {
    // Write code here that turns the phrase above into concrete actions
    throw new io.cucumber.java.PendingException();
}
@Then(&quot;order status should be waiting&quot;)
public void orderStatusShouldBeWaiting() {
    // Write code here that turns the phrase above into concrete actions
    throw new io.cucumber.java.PendingException();
}
@Then(&quot;order product details should be as {string} {string} {string} and {string}&quot;)
public void orderProductDetailsShouldBeAsAnd(String string, String string2, String string3, String string4) {
    // Write code here that turns the phrase above into concrete actions
    throw new io.cucumber.java.PendingException();
}

</error>
  </testcase>
  <testcase classname="Order" name="Customer Create Order #2" time="0.011">
    <error message="The step &apos;customer create order&apos; and 3 other step(s) are undefined.
You can implement these steps using the snippet(s) below:

@Given(&quot;customer create order&quot;)
public void customerCreateOrder() {
    // Write code here that turns the phrase above into concrete actions
    throw new io.cucumber.java.PendingException();
}
@When(&quot;customer add   products list with {string} {string} {string} and {string}&quot;)
public void customerAddProductsListWithAnd(String string, String string2, String string3, String string4) {
    // Write code here that turns the phrase above into concrete actions
    throw new io.cucumber.java.PendingException();
}
@Then(&quot;order status should be waiting&quot;)
public void orderStatusShouldBeWaiting() {
    // Write code here that turns the phrase above into concrete actions
    throw new io.cucumber.java.PendingException();
}
@Then(&quot;order product details should be as {string} {string} {string} and {string}&quot;)
public void orderProductDetailsShouldBeAsAnd(String string, String string2, String string3, String string4) {
    // Write code here that turns the phrase above into concrete actions
    throw new io.cucumber.java.PendingException();
}
" type="io.cucumber.junit.UndefinedStepException">io.cucumber.junit.UndefinedStepException: The step &apos;customer create order&apos; and 3 other step(s) are undefined.
You can implement these steps using the snippet(s) below:

@Given(&quot;customer create order&quot;)
public void customerCreateOrder() {
    // Write code here that turns the phrase above into concrete actions
    throw new io.cucumber.java.PendingException();
}
@When(&quot;customer add   products list with {string} {string} {string} and {string}&quot;)
public void customerAddProductsListWithAnd(String string, String string2, String string3, String string4) {
    // Write code here that turns the phrase above into concrete actions
    throw new io.cucumber.java.PendingException();
}
@Then(&quot;order status should be waiting&quot;)
public void orderStatusShouldBeWaiting() {
    // Write code here that turns the phrase above into concrete actions
    throw new io.cucumber.java.PendingException();
}
@Then(&quot;order product details should be as {string} {string} {string} and {string}&quot;)
public void orderProductDetailsShouldBeAsAnd(String string, String string2, String string3, String string4) {
    // Write code here that turns the phrase above into concrete actions
    throw new io.cucumber.java.PendingException();
}

</error>
  </testcase>
  <testcase classname="Order" name="Admin Accept Order #1" time="0.011">
    <error message="The step &apos;order with address &quot;Nablus - Baita&quot; and products list details &quot;carpet&quot; &quot;living room carpet&quot; &quot;3 * 4 m red&quot;&apos; and 4 other step(s) are undefined.
You can implement these steps using the snippet(s) below:

@Given(&quot;order with address {string} and products list details {string} {string} {string}&quot;)
public void orderWithAddressAndProductsListDetails(String string, String string2, String string3, String string4) {
    // Write code here that turns the phrase above into concrete actions
    throw new io.cucumber.java.PendingException();
}
@When(&quot;admin enter price {double}&quot;)
public void adminEnterPrice(Double double1) {
    // Write code here that turns the phrase above into concrete actions
    throw new io.cucumber.java.PendingException();
}
@When(&quot;admin choose worker&quot;)
public void adminChooseWorker() {
    // Write code here that turns the phrase above into concrete actions
    throw new io.cucumber.java.PendingException();
}
@When(&quot;admin accept order&quot;)
public void adminAcceptOrder() {
    // Write code here that turns the phrase above into concrete actions
    throw new io.cucumber.java.PendingException();
}
@Then(&quot;order status should be in treatment&quot;)
public void orderStatusShouldBeInTreatment() {
    // Write code here that turns the phrase above into concrete actions
    throw new io.cucumber.java.PendingException();
}
" type="io.cucumber.junit.UndefinedStepException">io.cucumber.junit.UndefinedStepException: The step &apos;order with address &quot;Nablus - Baita&quot; and products list details &quot;carpet&quot; &quot;living room carpet&quot; &quot;3 * 4 m red&quot;&apos; and 4 other step(s) are undefined.
You can implement these steps using the snippet(s) below:

@Given(&quot;order with address {string} and products list details {string} {string} {string}&quot;)
public void orderWithAddressAndProductsListDetails(String string, String string2, String string3, String string4) {
    // Write code here that turns the phrase above into concrete actions
    throw new io.cucumber.java.PendingException();
}
@When(&quot;admin enter price {double}&quot;)
public void adminEnterPrice(Double double1) {
    // Write code here that turns the phrase above into concrete actions
    throw new io.cucumber.java.PendingException();
}
@When(&quot;admin choose worker&quot;)
public void adminChooseWorker() {
    // Write code here that turns the phrase above into concrete actions
    throw new io.cucumber.java.PendingException();
}
@When(&quot;admin accept order&quot;)
public void adminAcceptOrder() {
    // Write code here that turns the phrase above into concrete actions
    throw new io.cucumber.java.PendingException();
}
@Then(&quot;order status should be in treatment&quot;)
public void orderStatusShouldBeInTreatment() {
    // Write code here that turns the phrase above into concrete actions
    throw new io.cucumber.java.PendingException();
}

</error>
  </testcase>
  <testcase classname="Order" name="Admin Accept Order #2" time="0.008">
    <error message="The step &apos;order with address &quot;Nablus - awarta&quot; and products list details &quot;cover&quot; &quot;bed cover&quot; &quot;1.5 * 2 m white&quot;&apos; and 4 other step(s) are undefined.
You can implement these steps using the snippet(s) below:

@Given(&quot;order with address {string} and products list details {string} {string} {string}&quot;)
public void orderWithAddressAndProductsListDetails(String string, String string2, String string3, String string4) {
    // Write code here that turns the phrase above into concrete actions
    throw new io.cucumber.java.PendingException();
}
@When(&quot;admin enter price {double}&quot;)
public void adminEnterPrice(Double double1) {
    // Write code here that turns the phrase above into concrete actions
    throw new io.cucumber.java.PendingException();
}
@When(&quot;admin choose worker&quot;)
public void adminChooseWorker() {
    // Write code here that turns the phrase above into concrete actions
    throw new io.cucumber.java.PendingException();
}
@When(&quot;admin accept order&quot;)
public void adminAcceptOrder() {
    // Write code here that turns the phrase above into concrete actions
    throw new io.cucumber.java.PendingException();
}
@Then(&quot;order status should be in treatment&quot;)
public void orderStatusShouldBeInTreatment() {
    // Write code here that turns the phrase above into concrete actions
    throw new io.cucumber.java.PendingException();
}
" type="io.cucumber.junit.UndefinedStepException">io.cucumber.junit.UndefinedStepException: The step &apos;order with address &quot;Nablus - awarta&quot; and products list details &quot;cover&quot; &quot;bed cover&quot; &quot;1.5 * 2 m white&quot;&apos; and 4 other step(s) are undefined.
You can implement these steps using the snippet(s) below:

@Given(&quot;order with address {string} and products list details {string} {string} {string}&quot;)
public void orderWithAddressAndProductsListDetails(String string, String string2, String string3, String string4) {
    // Write code here that turns the phrase above into concrete actions
    throw new io.cucumber.java.PendingException();
}
@When(&quot;admin enter price {double}&quot;)
public void adminEnterPrice(Double double1) {
    // Write code here that turns the phrase above into concrete actions
    throw new io.cucumber.java.PendingException();
}
@When(&quot;admin choose worker&quot;)
public void adminChooseWorker() {
    // Write code here that turns the phrase above into concrete actions
    throw new io.cucumber.java.PendingException();
}
@When(&quot;admin accept order&quot;)
public void adminAcceptOrder() {
    // Write code here that turns the phrase above into concrete actions
    throw new io.cucumber.java.PendingException();
}
@Then(&quot;order status should be in treatment&quot;)
public void orderStatusShouldBeInTreatment() {
    // Write code here that turns the phrase above into concrete actions
    throw new io.cucumber.java.PendingException();
}

</error>
  </testcase>
</testsuite>